ERROR - 2025-02-10 04:18:31 --> Error connecting to the database: Access denied for user '****'@'localhost' (using password: NO)
CRITICAL - 2025-02-10 04:18:31 --> Unable to connect to the database.
Main connection [MySQLi]: Access denied for user '****'@'localhost' (using password: NO)
#0 /var/www/html/e-demand/vendor/codeigniter4/framework/system/Database/BaseConnection.php(577): CodeIgniter\Database\BaseConnection->initialize()
#1 /var/www/html/e-demand/vendor/codeigniter4/framework/system/Database/BaseBuilder.php(1455): CodeIgniter\Database\BaseConnection->query()
#2 /var/www/html/e-demand/app/Helpers/function_helper.php(1397): CodeIgniter\Database\BaseBuilder->get()
#3 /var/www/html/e-demand/app/Views/frontend/retro/template.php(5): get_settings()
#4 /var/www/html/e-demand/vendor/codeigniter4/framework/system/View/View.php(210): include('...')
#5 /var/www/html/e-demand/vendor/codeigniter4/framework/system/View/View.php(213): CodeIgniter\View\View->CodeIgniter\View\{closure}()
#6 /var/www/html/e-demand/vendor/codeigniter4/framework/system/Common.php(1089): CodeIgniter\View\View->render()
#7 /var/www/html/e-demand/app/Config/Routes.php(26): view()
#8 /var/www/html/e-demand/vendor/codeigniter4/framework/system/CodeIgniter.php(851): CodeIgniter\CodeIgniter->Config\{closure}()
#9 /var/www/html/e-demand/vendor/codeigniter4/framework/system/CodeIgniter.php(342): CodeIgniter\CodeIgniter->display404errors()
#10 /var/www/html/e-demand/index.php(55): CodeIgniter\CodeIgniter->run()
#11 {main}
ERROR - 2025-02-10 04:18:34 --> Error connecting to the database: Access denied for user '****'@'localhost' (using password: NO)
CRITICAL - 2025-02-10 04:18:34 --> Unable to connect to the database.
Main connection [MySQLi]: Access denied for user '****'@'localhost' (using password: NO)
#0 /var/www/html/e-demand/vendor/codeigniter4/framework/system/Database/BaseConnection.php(577): CodeIgniter\Database\BaseConnection->initialize()
#1 /var/www/html/e-demand/vendor/codeigniter4/framework/system/Database/BaseBuilder.php(1455): CodeIgniter\Database\BaseConnection->query()
#2 /var/www/html/e-demand/app/Controllers/Frontend.php(25): CodeIgniter\Database\BaseBuilder->get()
#3 /var/www/html/e-demand/app/Controllers/Frontend.php(17): App\Controllers\get_settings()
#4 /var/www/html/e-demand/app/Controllers/Home.php(12): App\Controllers\Frontend->__construct()
#5 /var/www/html/e-demand/vendor/codeigniter4/framework/system/CodeIgniter.php(811): App\Controllers\Home->__construct()
#6 /var/www/html/e-demand/vendor/codeigniter4/framework/system/CodeIgniter.php(412): CodeIgniter\CodeIgniter->createController()
#7 /var/www/html/e-demand/vendor/codeigniter4/framework/system/CodeIgniter.php(328): CodeIgniter\CodeIgniter->handleRequest()
#8 /var/www/html/e-demand/index.php(55): CodeIgniter\CodeIgniter->run()
#9 {main}
ERROR - 2025-02-10 04:34:21 --> Error connecting to the database: Access denied for user '****'@'localhost' (using password: NO)
CRITICAL - 2025-02-10 04:34:21 --> Unable to connect to the database.
Main connection [MySQLi]: Access denied for user '****'@'localhost' (using password: NO)
#0 /var/www/html/e-demand/vendor/codeigniter4/framework/system/Database/BaseConnection.php(577): CodeIgniter\Database\BaseConnection->initialize()
#1 /var/www/html/e-demand/vendor/codeigniter4/framework/system/Database/BaseBuilder.php(1455): CodeIgniter\Database\BaseConnection->query()
#2 /var/www/html/e-demand/app/Controllers/Frontend.php(25): CodeIgniter\Database\BaseBuilder->get()
#3 /var/www/html/e-demand/app/Controllers/Frontend.php(17): App\Controllers\get_settings()
#4 /var/www/html/e-demand/app/Controllers/Home.php(12): App\Controllers\Frontend->__construct()
#5 /var/www/html/e-demand/vendor/codeigniter4/framework/system/CodeIgniter.php(811): App\Controllers\Home->__construct()
#6 /var/www/html/e-demand/vendor/codeigniter4/framework/system/CodeIgniter.php(412): CodeIgniter\CodeIgniter->createController()
#7 /var/www/html/e-demand/vendor/codeigniter4/framework/system/CodeIgniter.php(328): CodeIgniter\CodeIgniter->handleRequest()
#8 /var/www/html/e-demand/index.php(55): CodeIgniter\CodeIgniter->run()
#9 {main}
CRITICAL - 2025-02-10 16:04:52 --> Creation of dynamic property IonAuth\Libraries\IonAuth::$session is deprecated
#0 /var/www/html/e-demand/vendor/benedmunds/codeigniter-ion-auth/Libraries/IonAuth.php(66): CodeIgniter\Debug\Exceptions->errorHandler()
#1 /var/www/html/e-demand/app/Controllers/BaseController.php(96): IonAuth\Libraries\IonAuth->__construct()
#2 /var/www/html/e-demand/vendor/codeigniter4/framework/system/CodeIgniter.php(812): App\Controllers\BaseController->initController()
#3 /var/www/html/e-demand/vendor/codeigniter4/framework/system/CodeIgniter.php(412): CodeIgniter\CodeIgniter->createController()
#4 /var/www/html/e-demand/vendor/codeigniter4/framework/system/CodeIgniter.php(328): CodeIgniter\CodeIgniter->handleRequest()
#5 /var/www/html/e-demand/index.php(55): CodeIgniter\CodeIgniter->run()
#6 {main}
CRITICAL - 2025-02-10 04:47:27 --> Undefined constant "CodeIgniter\Database\MySQLi\MYSQLI_STORE_RESULT"
#0 /var/www/html/e-demand/vendor/codeigniter4/framework/system/Database/Database.php(56): CodeIgniter\Database\Database->initDriver()
#1 /var/www/html/e-demand/vendor/codeigniter4/framework/system/Database/Config.php(78): CodeIgniter\Database\Database->load()
#2 /var/www/html/e-demand/app/Controllers/Frontend.php(23): CodeIgniter\Database\Config::connect()
#3 /var/www/html/e-demand/app/Controllers/Frontend.php(17): App\Controllers\get_settings()
#4 /var/www/html/e-demand/app/Controllers/Home.php(12): App\Controllers\Frontend->__construct()
#5 /var/www/html/e-demand/vendor/codeigniter4/framework/system/CodeIgniter.php(811): App\Controllers\Home->__construct()
#6 /var/www/html/e-demand/vendor/codeigniter4/framework/system/CodeIgniter.php(412): CodeIgniter\CodeIgniter->createController()
#7 /var/www/html/e-demand/vendor/codeigniter4/framework/system/CodeIgniter.php(328): CodeIgniter\CodeIgniter->handleRequest()
#8 /var/www/html/e-demand/index.php(55): CodeIgniter\CodeIgniter->run()
#9 {main}
