ERROR - 2025-02-11 22:23:30 --> Error connecting to the database: Access denied for user '****'@'localhost' (using password: YES)
CRITICAL - 2025-02-11 22:23:30 --> Unable to connect to the database.
Main connection [MySQLi]: Access denied for user '****'@'localhost' (using password: YES)
#0 /opt/lampp/htdocs/e-demand/vendor/codeigniter4/framework/system/Database/BaseConnection.php(577): CodeIgniter\Database\BaseConnection->initialize()
#1 /opt/lampp/htdocs/e-demand/vendor/codeigniter4/framework/system/Database/BaseBuilder.php(1455): CodeIgniter\Database\BaseConnection->query('SELECT *\nFROM `...', Array, false)
#2 /opt/lampp/htdocs/e-demand/app/Controllers/Frontend.php(25): CodeIgniter\Database\BaseBuilder->get()
#3 /opt/lampp/htdocs/e-demand/app/Controllers/Frontend.php(17): App\Controllers\get_settings('general_setting...', true)
#4 /opt/lampp/htdocs/e-demand/app/Controllers/Home.php(12): App\Controllers\Frontend->__construct()
#5 /opt/lampp/htdocs/e-demand/vendor/codeigniter4/framework/system/CodeIgniter.php(811): App\Controllers\Home->__construct()
#6 /opt/lampp/htdocs/e-demand/vendor/codeigniter4/framework/system/CodeIgniter.php(412): CodeIgniter\CodeIgniter->createController()
#7 /opt/lampp/htdocs/e-demand/vendor/codeigniter4/framework/system/CodeIgniter.php(328): CodeIgniter\CodeIgniter->handleRequest(NULL, Object(Config\Cache), false)
#8 /opt/lampp/htdocs/e-demand/index.php(55): CodeIgniter\CodeIgniter->run()
#9 {main}
ERROR - 2025-02-11 22:25:58 --> Error connecting to the database: Unknown database 'e_demand_local'
CRITICAL - 2025-02-11 22:25:58 --> Unable to connect to the database.
Main connection [MySQLi]: Unknown database 'e_demand_local'
#0 /opt/lampp/htdocs/e-demand/vendor/codeigniter4/framework/system/Database/BaseConnection.php(577): CodeIgniter\Database\BaseConnection->initialize()
#1 /opt/lampp/htdocs/e-demand/vendor/codeigniter4/framework/system/Database/BaseBuilder.php(1455): CodeIgniter\Database\BaseConnection->query('SELECT *\nFROM `...', Array, false)
#2 /opt/lampp/htdocs/e-demand/app/Controllers/Frontend.php(25): CodeIgniter\Database\BaseBuilder->get()
#3 /opt/lampp/htdocs/e-demand/app/Controllers/Frontend.php(17): App\Controllers\get_settings('general_setting...', true)
#4 /opt/lampp/htdocs/e-demand/app/Controllers/Home.php(12): App\Controllers\Frontend->__construct()
#5 /opt/lampp/htdocs/e-demand/vendor/codeigniter4/framework/system/CodeIgniter.php(811): App\Controllers\Home->__construct()
#6 /opt/lampp/htdocs/e-demand/vendor/codeigniter4/framework/system/CodeIgniter.php(412): CodeIgniter\CodeIgniter->createController()
#7 /opt/lampp/htdocs/e-demand/vendor/codeigniter4/framework/system/CodeIgniter.php(328): CodeIgniter\CodeIgniter->handleRequest(NULL, Object(Config\Cache), false)
#8 /opt/lampp/htdocs/e-demand/index.php(55): CodeIgniter\CodeIgniter->run()
#9 {main}
ERROR - 2025-02-11 22:32:48 --> Error connecting to the database: Unknown database 'e_demand_local'
CRITICAL - 2025-02-11 22:32:48 --> Unable to connect to the database.
Main connection [MySQLi]: Unknown database 'e_demand_local'
#0 /opt/lampp/htdocs/e-demand/vendor/codeigniter4/framework/system/Database/BaseConnection.php(577): CodeIgniter\Database\BaseConnection->initialize()
#1 /opt/lampp/htdocs/e-demand/vendor/codeigniter4/framework/system/Database/BaseBuilder.php(1455): CodeIgniter\Database\BaseConnection->query('SELECT *\nFROM `...', Array, false)
#2 /opt/lampp/htdocs/e-demand/app/Controllers/Frontend.php(25): CodeIgniter\Database\BaseBuilder->get()
#3 /opt/lampp/htdocs/e-demand/app/Controllers/Frontend.php(17): App\Controllers\get_settings('general_setting...', true)
#4 /opt/lampp/htdocs/e-demand/app/Controllers/Home.php(12): App\Controllers\Frontend->__construct()
#5 /opt/lampp/htdocs/e-demand/vendor/codeigniter4/framework/system/CodeIgniter.php(811): App\Controllers\Home->__construct()
#6 /opt/lampp/htdocs/e-demand/vendor/codeigniter4/framework/system/CodeIgniter.php(412): CodeIgniter\CodeIgniter->createController()
#7 /opt/lampp/htdocs/e-demand/vendor/codeigniter4/framework/system/CodeIgniter.php(328): CodeIgniter\CodeIgniter->handleRequest(NULL, Object(Config\Cache), false)
#8 /opt/lampp/htdocs/e-demand/index.php(55): CodeIgniter\CodeIgniter->run()
#9 {main}
ERROR - 2025-02-11 22:32:50 --> Error connecting to the database: Unknown database 'e_demand_local'
CRITICAL - 2025-02-11 22:32:50 --> Unable to connect to the database.
Main connection [MySQLi]: Unknown database 'e_demand_local'
#0 /opt/lampp/htdocs/e-demand/vendor/codeigniter4/framework/system/Database/BaseConnection.php(577): CodeIgniter\Database\BaseConnection->initialize()
#1 /opt/lampp/htdocs/e-demand/vendor/codeigniter4/framework/system/Database/BaseBuilder.php(1455): CodeIgniter\Database\BaseConnection->query('SELECT *\nFROM `...', Array, false)
#2 /opt/lampp/htdocs/e-demand/app/Controllers/Frontend.php(25): CodeIgniter\Database\BaseBuilder->get()
#3 /opt/lampp/htdocs/e-demand/app/Controllers/Frontend.php(17): App\Controllers\get_settings('general_setting...', true)
#4 /opt/lampp/htdocs/e-demand/app/Controllers/Home.php(12): App\Controllers\Frontend->__construct()
#5 /opt/lampp/htdocs/e-demand/vendor/codeigniter4/framework/system/CodeIgniter.php(811): App\Controllers\Home->__construct()
#6 /opt/lampp/htdocs/e-demand/vendor/codeigniter4/framework/system/CodeIgniter.php(412): CodeIgniter\CodeIgniter->createController()
#7 /opt/lampp/htdocs/e-demand/vendor/codeigniter4/framework/system/CodeIgniter.php(328): CodeIgniter\CodeIgniter->handleRequest(NULL, Object(Config\Cache), false)
#8 /opt/lampp/htdocs/e-demand/index.php(55): CodeIgniter\CodeIgniter->run()
#9 {main}
